Line 156: Class SHDocVwCtl.WebBrowser of control WebBrowser2 was not a loaded control class.
Line 237: Class SHDocVwCtl.WebBrowser of control WebBrowser1 was not a loaded control class.
Line 162: The property name ExtentX in WebBrowser2 is invalid.
Line 163: The property name ExtentY in WebBrowser2 is invalid.
Line 164: The property name ViewMode in WebBrowser2 is invalid.
Line 165: The property name Offline in WebBrowser2 is invalid.
Line 166: The property name Silent in WebBrowser2 is invalid.
Line 167: The property name RegisterAsBrowser in WebBrowser2 is invalid.
Line 168: The property name RegisterAsDropTarget in WebBrowser2 is invalid.
Line 169: The property name AutoArrange in WebBrowser2 is invalid.
Line 170: The property name NoClientEdge in WebBrowser2 is invalid.
Line 171: The property name AlignLeft in WebBrowser2 is invalid.
Line 172: The property name NoWebView in WebBrowser2 is invalid.
Line 173: The property name HideFileNames in WebBrowser2 is invalid.
Line 174: The property name SingleClick in WebBrowser2 is invalid.
Line 175: The property name SingleSelection in WebBrowser2 is invalid.
Line 176: The property name NoFolders in WebBrowser2 is invalid.
Line 177: The property name Transparent in WebBrowser2 is invalid.
Line 178: The property name ViewID in WebBrowser2 is invalid.
Line 179: The property name Location in WebBrowser2 is invalid.
Line 243: The property name ExtentX in WebBrowser1 is invalid.
Line 244: The property name ExtentY in WebBrowser1 is invalid.
Line 245: The property name ViewMode in WebBrowser1 is invalid.
Line 246: The property name Offline in WebBrowser1 is invalid.
Line 247: The property name Silent in WebBrowser1 is invalid.
Line 248: The property name RegisterAsBrowser in WebBrowser1 is invalid.
Line 249: The property name RegisterAsDropTarget in WebBrowser1 is invalid.
Line 250: The property name AutoArrange in WebBrowser1 is invalid.
Line 251: The property name NoClientEdge in WebBrowser1 is invalid.
Line 252: The property name AlignLeft in WebBrowser1 is invalid.
Line 253: The property name NoWebView in WebBrowser1 is invalid.
Line 254: The property name HideFileNames in WebBrowser1 is invalid.
Line 255: The property name SingleClick in WebBrowser1 is invalid.
Line 256: The property name SingleSelection in WebBrowser1 is invalid.
Line 257: The property name NoFolders in WebBrowser1 is invalid.
Line 258: The property name Transparent in WebBrowser1 is invalid.
Line 259: The property name ViewID in WebBrowser1 is invalid.
Line 260: The property name Location in WebBrowser1 is invalid.
